"../../../../../../sbenoit/Documents/Unreal Projects/MDEV1003/Content/SideScrollerBP/SideScrollerOverview.uasset" 0
"../../../../../../sbenoit/Documents/Unreal Projects/MDEV1003/Content/SideScrollerBP/Maps/2ndLevel.uasset" 1
"../../../../../../sbenoit/Documents/Unreal Projects/MDEV1003/Content/SideScrollerBP/Maps/3rdLevel.uasset" 2
"../../../../../../sbenoit/Documents/Unreal Projects/MDEV1003/Content/Mannequin/Character/Mesh/SK_Mannequin_Skeleton.uasset" 3
"../../../../../../sbenoit/Documents/Unreal Projects/MDEV1003/Content/Mannequin/Animations/ThirdPersonJump_End.uasset" 4
"../../../../../../sbenoit/Documents/Unreal Projects/MDEV1003/Content/Mannequin/Animations/ThirdPersonJump_Loop.uasset" 5
"../../../../../../sbenoit/Documents/Unreal Projects/MDEV1003/Content/Mannequin/Animations/ThirdPersonJump_Start.uasset" 6
"../../../../../../sbenoit/Documents/Unreal Projects/MDEV1003/Content/Mannequin/Animations/ThirdPersonIdle.uasset" 7
"../../../../../../sbenoit/Documents/Unreal Projects/MDEV1003/Content/Mannequin/Animations/ThirdPersonRun.uasset" 8
"../../../../../../sbenoit/Documents/Unreal Projects/MDEV1003/Content/Mannequin/Animations/ThirdPersonWalk.uasset" 9
"../../../../../../sbenoit/Documents/Unreal Projects/MDEV1003/Content/Mannequin/Animations/ThirdPerson_IdleRun_2D.uasset" 10
"../../../Engine/Content/EditorBlueprintResources/StandardMacros.uasset" 11
"../../../../../../sbenoit/Documents/Unreal Projects/MDEV1003/Content/Mannequin/Animations/ThirdPerson_AnimBP.uasset" 12
"../../../../../../sbenoit/Documents/Unreal Projects/MDEV1003/Content/MyContent/RumbleIT.uasset" 13
"../../../Engine/Content/Functions/Engine_MaterialFunctions02/Utility/BlendAngleCorrectedNormals.uasset" 14
"../../../Engine/Content/Functions/MaterialLayerFunctions/MatLayerBlend_NormalBlend.uasset" 15
"../../../Engine/Content/Functions/MaterialLayerFunctions/MatLayerBlend_Simple.uasset" 16
"../../../../../../sbenoit/Documents/Unreal Projects/MDEV1003/Content/Mannequin/Character/Materials/MaterialLayers/T_ML_Rubber_Blue_01_D.uasset" 17
"../../../../../../sbenoit/Documents/Unreal Projects/MDEV1003/Content/Mannequin/Character/Materials/MaterialLayers/T_ML_Rubber_Blue_01_N.uasset" 18
"../../../../../../sbenoit/Documents/Unreal Projects/MDEV1003/Content/Mannequin/Character/Materials/MaterialLayers/ML_GlossyBlack_Latex_UE4.uasset" 19
"../../../../../../sbenoit/Documents/Unreal Projects/MDEV1003/Content/Mannequin/Character/Materials/MaterialLayers/ML_Plastic_Shiny_Beige.uasset" 20
"../../../../../../sbenoit/Documents/Unreal Projects/MDEV1003/Content/Mannequin/Character/Textures/UE4_LOGO_CARD.uasset" 21
"../../../../../../sbenoit/Documents/Unreal Projects/MDEV1003/Content/Mannequin/Character/Materials/MaterialLayers/ML_Plastic_Shiny_Beige_LOGO.uasset" 22
"../../../../../../sbenoit/Documents/Unreal Projects/MDEV1003/Content/Mannequin/Character/Materials/MaterialLayers/T_ML_Aluminum01.uasset" 23
"../../../../../../sbenoit/Documents/Unreal Projects/MDEV1003/Content/Mannequin/Character/Materials/MaterialLayers/T_ML_Aluminum01_N.uasset" 24
"../../../../../../sbenoit/Documents/Unreal Projects/MDEV1003/Content/Mannequin/Character/Materials/MaterialLayers/ML_SoftMetal_UE4.uasset" 25
"../../../../../../sbenoit/Documents/Unreal Projects/MDEV1003/Content/Mannequin/Character/Textures/T_UE4_Mannequin_Mobile_M.uasset" 26
"../../../../../../sbenoit/Documents/Unreal Projects/MDEV1003/Content/Mannequin/Character/Textures/T_UE4_Mannequin_Mobile_N.uasset" 27
"../../../../../../sbenoit/Documents/Unreal Projects/MDEV1003/Content/Mannequin/Character/Materials/M_UE4Man_Body.uasset" 28
"../../../../../../sbenoit/Documents/Unreal Projects/MDEV1003/Content/Mannequin/Character/Textures/UE4Man_Logo_N.uasset" 29
"../../../../../../sbenoit/Documents/Unreal Projects/MDEV1003/Content/Mannequin/Character/Materials/M_UE4Man_ChestLogo.uasset" 30
"../../../../../../sbenoit/Documents/Unreal Projects/MDEV1003/Content/Mannequin/Character/Mesh/SK_Mannequin.uasset" 31
"../../../../../../sbenoit/Documents/Unreal Projects/MDEV1003/Content/MyContent/Audio/bensound-jazzyfrenchy.uasset" 32
"../../../../../../sbenoit/Documents/Unreal Projects/MDEV1003/Content/MyContent/Audio/bensound-jazzyfrenchy_Cue.uasset" 33
"../../../../../../sbenoit/Documents/Unreal Projects/MDEV1003/Content/MyContent/Audio/cork.uasset" 34
"../../../../../../sbenoit/Documents/Unreal Projects/MDEV1003/Content/SideScrollerBP/Blueprints/SideScrollerCharacter.uasset" 35
"../../../../../../sbenoit/Documents/Unreal Projects/MDEV1003/Content/SideScrollerBP/Blueprints/SideScrollerGameMode.uasset" 36
"../../../../../../sbenoit/Documents/Unreal Projects/MDEV1003/Content/SideScrollerBP/Meshes/CubeMaterial.uasset" 37
"../../../../../../sbenoit/Documents/Unreal Projects/MDEV1003/Content/SideScrollerBP/Meshes/Ramp_Mesh.uasset" 38
"../../../../../../sbenoit/Documents/Unreal Projects/MDEV1003/Content/ThirdPersonBP/Blueprints/ThirdPersonCharacter.uasset" 39
"../../../../../../sbenoit/Documents/Unreal Projects/MDEV1003/Content/Mannequin/Character/Mesh/SK_Mannequin_PhysicsAsset.uasset" 40
"../../../../../../sbenoit/Documents/Unreal Projects/MDEV1003/Content/Mannequin/Character/Mesh/UE4_Mannequin_Skeleton.uasset" 41
"../../../../../../sbenoit/Documents/Unreal Projects/MDEV1003/Content/Mannequin/Character/Textures/UE4_Mannequin_MAT_MASKA.uasset" 42
"../../../../../../sbenoit/Documents/Unreal Projects/MDEV1003/Content/Mannequin/Character/Textures/UE4_Mannequin__normals.uasset" 43
"../../../../../../sbenoit/Documents/Unreal Projects/MDEV1003/Content/Mannequin/Animations/ThirdPerson_Jump.uasset" 44
"../../../../../../sbenoit/Documents/Unreal Projects/MDEV1003/Content/MobileStarterContent/Textures/T_Detail_Rocky_N.uasset" 45
"../../../../../../sbenoit/Documents/Unreal Projects/MDEV1003/Content/MobileStarterContent/Textures/T_Perlin_Noise_M.uasset" 46
"../../../../../../sbenoit/Documents/Unreal Projects/MDEV1003/Content/MobileStarterContent/Textures/T_Concrete_Tiles_Variation_M.uasset" 47
"../../../../../../sbenoit/Documents/Unreal Projects/MDEV1003/Content/MobileStarterContent/Textures/T_Rock_Smooth_Granite_D.uasset" 48
"../../../../../../sbenoit/Documents/Unreal Projects/MDEV1003/Content/MobileStarterContent/Textures/T_Gradinet_01.uasset" 49
"../../../../../../sbenoit/Documents/Unreal Projects/MDEV1003/Content/MobileStarterContent/Textures/T_CobbleStone_Pebble_M.uasset" 50
"../../../../../../sbenoit/Documents/Unreal Projects/MDEV1003/Content/MobileStarterContent/Audio/Explosion01.uasset" 51
"../../../../../../sbenoit/Documents/Unreal Projects/MDEV1003/Content/MobileStarterContent/Audio/Explosion02.uasset" 52
"../../../../../../sbenoit/Documents/Unreal Projects/MDEV1003/Content/MobileStarterContent/Audio/Explosion_Cue.uasset" 53
"../../../../../../sbenoit/Documents/Unreal Projects/MDEV1003/Content/MobileStarterContent/Textures/T_Burst_M.uasset" 54
"../../../../../../sbenoit/Documents/Unreal Projects/MDEV1003/Content/MobileStarterContent/Particles/Materials/M_Burst.uasset" 55
"../../../../../../sbenoit/Documents/Unreal Projects/MDEV1003/Content/MobileStarterContent/Textures/T_Explosion_SubUV.uasset" 56
"../../../../../../sbenoit/Documents/Unreal Projects/MDEV1003/Content/MobileStarterContent/Particles/Materials/M_explosion_subUV.uasset" 57
"../../../../../../sbenoit/Documents/Unreal Projects/MDEV1003/Content/MobileStarterContent/Particles/Materials/m_flare_01.uasset" 58
"../../../Engine/Content/Functions/Engine_MaterialFunctions01/Gradient/RadialGradient.uasset" 59
"../../../../../../sbenoit/Documents/Unreal Projects/MDEV1003/Content/MobileStarterContent/Particles/Materials/M_radial_ramp.uasset" 60
"../../../../../../sbenoit/Documents/Unreal Projects/MDEV1003/Content/MobileStarterContent/Textures/T_Smoke_SubUV.uasset" 61
"../../../../../../sbenoit/Documents/Unreal Projects/MDEV1003/Content/MobileStarterContent/Textures/T_Smoke_Tiled_D.uasset" 62
"../../../../../../sbenoit/Documents/Unreal Projects/MDEV1003/Content/MobileStarterContent/Particles/Materials/M_smoke_subUV.uasset" 63
"../../../../../../sbenoit/Documents/Unreal Projects/MDEV1003/Content/MobileStarterContent/Particles/P_Explosion.uasset" 64
"../../../../../../sbenoit/Documents/Unreal Projects/MDEV1003/Content/MobileStarterContent/Blueprints/Blueprint_Effect_Explosion.uasset" 65
"../../../../../../sbenoit/Documents/Unreal Projects/MDEV1003/Content/MobileStarterContent/Materials/M_Glass.uasset" 66
"../../../../../../sbenoit/Documents/Unreal Projects/MDEV1003/Content/MobileStarterContent/Textures/T_Door_M.uasset" 67
"../../../../../../sbenoit/Documents/Unreal Projects/MDEV1003/Content/MobileStarterContent/Textures/T_Door_N.uasset" 68
"../../../../../../sbenoit/Documents/Unreal Projects/MDEV1003/Content/MobileStarterContent/Props/Materials/M_Door.uasset" 69
"../../../../../../sbenoit/Documents/Unreal Projects/MDEV1003/Content/MobileStarterContent/Props/SM_Door.uasset" 70
"../../../../../../sbenoit/Documents/Unreal Projects/MDEV1003/Content/MobileStarterContent/Props/Materials/M_MaterialSphere.uasset" 71
"../../../../../../sbenoit/Documents/Unreal Projects/MDEV1003/Content/MobileStarterContent/Props/Materials/M_MaterialSphere_Plain.uasset" 72
"../../../../../../sbenoit/Documents/Unreal Projects/MDEV1003/Content/MobileStarterContent/Props/SM_MatPreviewMesh_02.uasset" 73
"../../../../../../sbenoit/Documents/Unreal Projects/MDEV1003/Content/MobileStarterContent/Textures/T_Chair_M.uasset" 74
"../../../../../../sbenoit/Documents/Unreal Projects/MDEV1003/Content/MobileStarterContent/Textures/T_Chair_N.uasset" 75
"../../../../../../sbenoit/Documents/Unreal Projects/MDEV1003/Content/MobileStarterContent/Props/Materials/M_Chair.uasset" 76
"../../../../../../sbenoit/Documents/Unreal Projects/MDEV1003/Content/MobileStarterContent/Props/SM_Couch.uasset" 77
"../../../../../../sbenoit/Documents/Unreal Projects/MDEV1003/Content/MobileStarterContent/Textures/T_Shelf_M.uasset" 78
"../../../../../../sbenoit/Documents/Unreal Projects/MDEV1003/Content/MobileStarterContent/Textures/T_Shelf_N.uasset" 79
"../../../../../../sbenoit/Documents/Unreal Projects/MDEV1003/Content/MobileStarterContent/Props/Materials/M_Shelf.uasset" 80
"../../../../../../sbenoit/Documents/Unreal Projects/MDEV1003/Content/MobileStarterContent/Props/SM_Shelf.uasset" 81
"../../../../../../sbenoit/Documents/Unreal Projects/MDEV1003/Content/MobileStarterContent/Textures/T_Rock_Basalt_D.uasset" 82
"../../../../../../sbenoit/Documents/Unreal Projects/MDEV1003/Content/MobileStarterContent/Textures/T_RockMesh_M.uasset" 83
"../../../../../../sbenoit/Documents/Unreal Projects/MDEV1003/Content/MobileStarterContent/Textures/T_RockMesh_N.uasset" 84
"../../../../../../sbenoit/Documents/Unreal Projects/MDEV1003/Content/MobileStarterContent/Props/Materials/M_Rock.uasset" 85
"../../../../../../sbenoit/Documents/Unreal Projects/MDEV1003/Content/MobileStarterContent/Props/SM_Rock.uasset" 86
"../../../../../../sbenoit/Documents/Unreal Projects/MDEV1003/Content/MobileStarterContent/Props/SM_Stairs.uasset" 87
"../../../../../../sbenoit/Documents/Unreal Projects/MDEV1003/Content/MobileStarterContent/Textures/T_Bush_D.uasset" 88
"../../../../../../sbenoit/Documents/Unreal Projects/MDEV1003/Content/MobileStarterContent/Textures/T_Bush_N.uasset" 89
"../../../../../../sbenoit/Documents/Unreal Projects/MDEV1003/Content/MobileStarterContent/Props/Materials/M_Bush.uasset" 90
"../../../../../../sbenoit/Documents/Unreal Projects/MDEV1003/Content/MobileStarterContent/Props/SM_Bush.uasset" 91
"../../../../../../sbenoit/Documents/Unreal Projects/MDEV1003/Content/MobileStarterContent/Materials/M_Basic_Wall.uasset" 92
"../../../../../../sbenoit/Documents/Unreal Projects/MDEV1003/Content/MobileStarterContent/Shapes/Shape_Wedge_A.uasset" 93
"../../../../../../sbenoit/Documents/Unreal Projects/MDEV1003/Content/MobileStarterContent/Shapes/Shape_WideCapsule.uasset" 94
"../../../../../../sbenoit/Documents/Unreal Projects/MDEV1003/Content/MobileStarterContent/Shapes/Shape_Tube.uasset" 95
"../../../../../../sbenoit/Documents/Unreal Projects/MDEV1003/Content/MobileStarterContent/Shapes/Shape_Cylinder.uasset" 96
"../../../../../../sbenoit/Documents/Unreal Projects/MDEV1003/Content/MobileStarterContent/Shapes/Shape_TriPyramid.uasset" 97
"../../../../../../sbenoit/Documents/Unreal Projects/MDEV1003/Content/MobileStarterContent/Shapes/Shape_Trim.uasset" 98
"../../../../../../sbenoit/Documents/Unreal Projects/MDEV1003/Content/MobileStarterContent/Shapes/Shape_Plane.uasset" 99
"../../../../../../sbenoit/Documents/Unreal Projects/MDEV1003/Content/MobileStarterContent/Shapes/Shape_Trim_90_Out.uasset" 100
"../../../../../../sbenoit/Documents/Unreal Projects/MDEV1003/Content/MobileStarterContent/Shapes/Shape_Pipe_90.uasset" 101
"../../../../../../sbenoit/Documents/Unreal Projects/MDEV1003/Content/MobileStarterContent/Shapes/Shape_Pipe_180.uasset" 102
"../../../../../../sbenoit/Documents/Unreal Projects/MDEV1003/Content/MobileStarterContent/Shapes/Shape_Pipe.uasset" 103
"../../../../../../sbenoit/Documents/Unreal Projects/MDEV1003/Content/MobileStarterContent/Shapes/Shape_Cone.uasset" 104
"../../../../../../sbenoit/Documents/Unreal Projects/MDEV1003/Content/MobileStarterContent/Shapes/Shape_Wedge_B.uasset" 105
"../../../../../../sbenoit/Documents/Unreal Projects/MDEV1003/Content/MobileStarterContent/Shapes/Shape_NarrowCapsule.uasset" 106
"../../../../../../sbenoit/Documents/Unreal Projects/MDEV1003/Content/MobileStarterContent/Shapes/Shape_Trim_90_In.uasset" 107
"../../../../../../sbenoit/Documents/Unreal Projects/MDEV1003/Content/MobileStarterContent/Shapes/Shape_Torus.uasset" 108
"../../../../../../sbenoit/Documents/Unreal Projects/MDEV1003/Content/MobileStarterContent/Architecture/Wall_Door_400x400.uasset" 109
"../../../../../../sbenoit/Documents/Unreal Projects/MDEV1003/Content/MobileStarterContent/Architecture/Wall_400x400.uasset" 110
"../../../../../../sbenoit/Documents/Unreal Projects/MDEV1003/Content/MobileStarterContent/Architecture/Wall_500x500.uasset" 111
"../../../../../../sbenoit/Documents/Unreal Projects/MDEV1003/Content/MobileStarterContent/Architecture/Pillar_50x500.uasset" 112
"../../../../../../sbenoit/Documents/Unreal Projects/MDEV1003/Content/MobileStarterContent/Architecture/Wall_400x300.uasset" 113
"../../../../../../sbenoit/Documents/Unreal Projects/MDEV1003/Content/MobileStarterContent/Architecture/Wall_Window_400x400.uasset" 114
"../../../../../../sbenoit/Documents/Unreal Projects/MDEV1003/Content/MobileStarterContent/Audio/Light02.uasset" 115
"../../../../../../sbenoit/Documents/Unreal Projects/MDEV1003/Content/MobileStarterContent/Audio/Light02_Cue.uasset" 116
"../../../../../../sbenoit/Documents/Unreal Projects/MDEV1003/Content/MobileStarterContent/Audio/Light01.uasset" 117
"../../../../../../sbenoit/Documents/Unreal Projects/MDEV1003/Content/MobileStarterContent/Audio/Light01_Cue.uasset" 118
"../../../../../../sbenoit/Documents/Unreal Projects/MDEV1003/Content/MobileStarterContent/Audio/Steam01.uasset" 119
"../../../../../../sbenoit/Documents/Unreal Projects/MDEV1003/Content/MobileStarterContent/Audio/Steam01_Cue.uasset" 120
"../../../../../../sbenoit/Documents/Unreal Projects/MDEV1003/Content/MyContent/lego/Material.uasset" 121
"../../../../../../sbenoit/Documents/Unreal Projects/MDEV1003/Content/Geometry/Meshes/CubeMaterial.uasset" 122
"../../../../../../sbenoit/Documents/Unreal Projects/MDEV1003/Content/Geometry/Meshes/1M_Cube_Chamfer.uasset" 123
"../../../Engine/Content/Maps/Templates/Thumbnails/Default.uasset" 124
"../../../Engine/Content/Maps/Templates/Thumbnails/TimeOfDay.uasset" 125
"../../../Engine/Content/Maps/Templates/Thumbnails/VR-Basic.uasset" 126
"../../../Engine/Content/MobileResources/T_MobileControls_texture.uasset" 127
"../../../Engine/Content/MobileResources/T_MobileMenu2.uasset" 128
"../../../Engine/Content/MobileResources/HUD/MobileHUDDirectionPad3.uasset" 129
"../../../Engine/Content/MobileResources/HUD/MobileHUDButton2_off.uasset" 130
"../../../Engine/Content/MobileResources/HUD/MobileHUDButton3.uasset" 131
"../../../Engine/Content/MobileResources/HUD/T_Castle_ThumbstickInner.uasset" 132
"../../../Engine/Content/MobileResources/HUD/MobileHUDDirectionStick.uasset" 133
"../../../Engine/Content/MobileResources/HUD/VirtualJoystick_Background.uasset" 134
"../../../Engine/Content/MobileResources/HUD/VirtualJoystick_Thumb.uasset" 135
"../../../Engine/Content/MobileResources/HUD/DefaultVirtualJoysticks.uasset" 136
"../../../Engine/Content/MobileResources/HUD/T_Castle_ThumbstickOutter.uasset" 137
"../../../Engine/Content/MobileResources/HUD/MobileHUDButton2_on.uasset" 138
"../../../Engine/Content/MobileResources/HUD/MobileHUDDirectionPad2.uasset" 139
"../../../Engine/Content/MobileResources/HUD/MobileHUDDirectionPad.uasset" 140
"../../../Engine/Content/MobileResources/HUD/AnalogHat.uasset" 141
"../../../Engine/Content/MobileResources/HUD/MobileHUDButton1_on.uasset" 142
"../../../Engine/Content/MobileResources/HUD/MobileHUDButtonFire.uasset" 143
"../../../Engine/Content/MobileResources/HUD/LeftVirtualJoystickOnly.uasset" 144
"../../../Engine/Content/MobileResources/HUD/MobileHUDButton1_off.uasset" 145
"../../../Engine/Content/Tutorial/ContentIntroCurve.uasset" 146
"../../../Engine/Content/Tutorial/Basics/LevelEditorAttract.uasset" 147
"../../../Engine/Content/Tutorial/Mobile/TutorialAssets/IOS.uasset" 148
"../../../Engine/Content/Tutorial/Mobile/CreatingSigningCertAndProvisionTutorial.uasset" 149
"../../../Engine/Content/EngineResources/DefaultTextureCube.uasset" 150
"../../../Engine/Content/EngineResources/DefaultTexture.uasset" 151
"../../../Engine/Content/EngineResources/Black.uasset" 152
"../../../Engine/Content/EngineResources/DefaultVolumeTexture2D.uasset" 153
"../../../Engine/Content/EngineResources/DefaultVolumeTexture.uasset" 154
"../../../Engine/Content/EngineResources/GradientTexture0.uasset" 155
"../../../Engine/Content/EditorLandscapeResources/DataLayer.uasset" 156
"../../../Engine/Content/EditorSounds/Notifications/CompileSuccess.uasset" 157
"../../../Engine/Content/EditorSounds/Notifications/CompileSuccess_Cue.uasset" 158
"../../../Engine/Content/EditorSounds/Notifications/CompileFailed.uasset" 159
"../../../Engine/Content/EditorSounds/Notifications/CompileFailed_Cue.uasset" 160
"../../../Engine/Content/EditorSounds/Notifications/CompileStart_Cue.uasset" 161
"../../../Engine/Content/EditorMaterials/Camera/CineMat.uasset" 162
"../../../Engine/Content/EditorMaterials/Camera/MI_CineMat_Rig.uasset" 163
"../../../Engine/Content/EditorMeshes/Camera/SM_CraneRig_Body.uasset" 164
"../../../Engine/Content/EditorMeshes/Camera/SM_RailRig_Mount.uasset" 165
"../../../Engine/Content/EditorMeshes/Camera/SM_CraneRig_Base.uasset" 166
"../../../Engine/Content/EditorMeshes/Camera/SM_CraneRig_Mount.uasset" 167
"../../../Engine/Content/EditorMeshes/Camera/SM_CraneRig_Arm.uasset" 168
"../../../Engine/Content/EditorMeshes/Camera/SM_RailRig_Track.uasset" 169
"../../../Engine/Content/EngineFonts/Faces/DroidSansFallback.uasset" 170
"../../../Engine/Content/EngineFonts/Faces/RobotoBold.uasset" 171
"../../../Engine/Content/EngineFonts/Faces/RobotoBoldItalic.uasset" 172
"../../../Engine/Content/EngineFonts/Faces/RobotoItalic.uasset" 173
"../../../Engine/Content/EngineFonts/Faces/RobotoLight.uasset" 174
"../../../Engine/Content/EngineFonts/Faces/RobotoRegular.uasset" 175
"../../../Engine/Content/EngineFonts/Roboto.uasset" 176
"../../../Engine/Content/EngineDamageTypes/DmgTypeBP_Environmental.uasset" 177
"../../../Engine/Content/Functions/Engine_MaterialFunctions01/Opacity/CameraDepthFade.uasset" 178
"../../../Engine/Content/EngineMaterials/T_Default_Material_Grid_M.uasset" 179
"../../../Engine/Content/EngineMaterials/T_Default_Material_Grid_N.uasset" 180
"../../../Engine/Content/EngineMaterials/WorldGridMaterial.uasset" 181
"../../../Engine/Content/ArtTools/RenderToTexture/Meshes/S_1_Unit_Plane.uasset" 182
"../../../Engine/Content/Animation/DefaultAnimCurveCompressionSettings.uasset" 183
"../../../Engine/Content/EngineResources/WhiteSquareTexture.uasset" 184
"../../../Engine/Content/EngineMaterials/Widget3DPassThrough.uasset" 185
"../../../Engine/Content/EngineMaterials/Widget3DPassThrough_Masked.uasset" 186
"../../../Engine/Content/EngineMaterials/WeightMapPlaceholderTexture.uasset" 187
"../../../Engine/Content/EngineMaterials/Widget3DPassThrough_Translucent.uasset" 188
"../../../Engine/Content/EngineMaterials/Widget3DPassThrough_Translucent_OneSided.uasset" 189
"../../../Engine/Content/Functions/Engine_MaterialFunctions02/WorldPositionOffset/CameraOffset.uasset" 190
"../../../Engine/Content/EngineMaterials/PhAT_JointLimitMaterial.uasset" 191
"../../../Engine/Content/EngineMaterials/GizmoMaterial.uasset" 192
"../../../Engine/Content/EngineMaterials/BlueNoise.uasset" 193
"../../../Engine/Content/EngineMaterials/DefaultWhiteGrid_Low.uasset" 194
"../../../Engine/Content/EngineMaterials/EmissiveMeshMaterial.uasset" 195
"../../../Engine/Content/EngineMaterials/Widget3DPassThrough_Opaque.uasset" 196
"../../../Engine/Content/EngineMaterials/Widget3DPassThrough_Masked_OneSided.uasset" 197
"../../../Engine/Content/EngineMaterials/Good64x64TilingNoiseHighFreq.uasset" 198
"../../../Engine/Content/EngineMaterials/DefaultBloomKernel.uasset" 199
"../../../Engine/Content/EngineMaterials/RemoveSurfaceMaterial.uasset" 200
"../../../Engine/Content/EngineMaterials/DefaultDiffuse.uasset" 201
"../../../Engine/Content/EngineMaterials/DefaultDeferredDecalMaterial.uasset" 202
"../../../Engine/Content/Functions/Engine_MaterialFunctions02/Utility/BreakOutFloat2Components.uasset" 203
"../../../Engine/Content/EngineMaterials/DefaultPostProcessMaterial.uasset" 204
"../../../Engine/Content/EngineMaterials/DefaultPhysicalMaterial.uasset" 205
"../../../Engine/Content/EngineMaterials/BaseFlattenDiffuseMap.uasset" 206
"../../../Engine/Content/EngineMaterials/BaseFlattenEmissiveMap.uasset" 207
"../../../Engine/Content/EngineMaterials/BaseFlattenGrayscaleMap.uasset" 208
"../../../Engine/Content/EngineMaterials/BaseFlattenNormalMap.uasset" 209
"../../../Engine/Content/EngineMaterials/BaseFlattenMaterial.uasset" 210
"../../../Engine/Content/EngineMaterials/InvalidLightmapSettings.uasset" 211
"../../../Engine/Content/EngineMaterials/M_InvalidLightmapSettings.uasset" 212
"../../../Engine/Content/EngineFonts/RobotoDistanceField.uasset" 213
"../../../Engine/Content/EngineMaterials/DefaultTextMaterialOpaque.uasset" 214
"../../../Engine/Content/EngineMaterials/PreintegratedSkinBRDF.uasset" 215
"../../../Engine/Content/EngineMaterials/Widget3DPassThrough_Opaque_OneSided.uasset" 216
"../../../Engine/Content/EngineMaterials/DefaultBokeh.uasset" 217
"../../../Engine/Content/EngineMaterials/DefaultLightFunctionMaterial.uasset" 218
"../../../Engine/Content/EngineMaterials/MiniFont.uasset" 219
"../../../Engine/Content/EngineMaterials/DefaultWhiteGrid.uasset" 220
"../../../Engine/Content/EngineDebugMaterials/DebugEditorMaterial.uasset" 221
"../../../Engine/Content/EngineDebugMaterials/WireframeMaterial.uasset" 222
"../../../Engine/Content/Functions/Engine_MaterialFunctions02/Utility/CameraDirectionVector.uasset" 223
"../../../Engine/Content/EngineDebugMaterials/VolumeToRender.uasset" 224
"../../../Engine/Content/EngineDebugMaterials/M_VolumeRenderSphereTracePP.uasset" 225
"../../../Engine/Content/EngineDebugMaterials/M_SimpleUnlitTranslucent.uasset" 226
"../../../Engine/Content/EngineDebugMaterials/DebugMeshMaterial.uasset" 227
"../../../Engine/Content/EditorResources/S_Note.uasset" 228
"../../../Engine/Content/EditorResources/S_Solver.uasset" 229
"../../../Engine/Content/EditorResources/S_Trigger.uasset" 230
"../../../Engine/Content/EditorResources/S_Actor.uasset" 231
"../../../Engine/Content/EditorResources/EmptyActor.uasset" 232
"../../../Engine/Content/EditorResources/BSPVertex.uasset" 233
"../../../Engine/Content/EditorResources/SequenceRecorder/Countdown.uasset" 234
"../../../Engine/Content/EditorResources/SequenceRecorder/RecordingIndicator.uasset" 235
"../../../Engine/Content/EditorResources/AudioIcons/S_AudioComponent_AutoActivate.uasset" 236
"../../../Engine/Content/EditorResources/AudioIcons/S_AudioComponent.uasset" 237
"../../../Engine/Content/EditorResources/LightIcons/S_LightError.uasset" 238
"../../../Engine/Content/EngineMaterials/DefaultMaterial.uasset" 239
"../../../Engine/Content/BasicShapes/Cone.uasset" 240
"../../../Engine/Content/BasicShapes/Sphere.uasset" 241
"../../../Engine/Content/Functions/Engine_MaterialFunctions01/Shading/ConvertFromDiffSpec.uasset" 242
"../../../Engine/Content/Functions/Engine_MaterialFunctions01/Shading/PowerToRoughness.uasset" 243
"../../../Engine/Content/EditorMaterials/PreviewShadowIndicator.uasset" 244
"../../../Engine/Content/EditorMaterials/PreviewShadowIndicatorMaterial.uasset" 245
"../../../Engine/Content/EditorMaterials/MAT_Groups_Toggle.uasset" 246
"../../../Engine/Content/EditorMaterials/MAT_Groups_Visibility.uasset" 247
"../../../Engine/Content/EditorMaterials/ParticleSystems/PSysThumbnail_NoImage.uasset" 248
"../../../Engine/Content/EditorMaterials/ParticleSystems/PSysThumbnail_OOD.uasset" 249
"../../../Engine/Content/EditorMaterials/MatineeGroups/MAT_Groups_Vector.uasset" 250
"../../../Engine/Content/EditorMaterials/MatineeGroups/MAT_ColorTrack.uasset" 251
"../../../Engine/Content/EditorMaterials/MatineeGroups/MAT_Groups_AudioMaster.uasset" 252
"../../../Engine/Content/EditorMaterials/MatineeGroups/MAT_Groups_Sound.uasset" 253
"../../../Engine/Content/EditorMaterials/MatineeGroups/MAT_Groups_Float.uasset" 254
"../../../Engine/Content/EditorMaterials/MatineeGroups/MAT_Groups_Director.uasset" 255
"../../../Engine/Content/EditorMaterials/MatineeGroups/MAT_Groups_Move.uasset" 256
"../../../Engine/Content/EditorMaterials/MatineeGroups/MAT_Groups_Event.uasset" 257
"../../../Engine/Content/EditorMaterials/MatineeGroups/MAT_Groups_Fade.uasset" 258
"../../../Engine/Content/EditorMaterials/MatineeGroups/MAT_Groups_Anim.uasset" 259
"../../../Engine/Content/EditorMaterials/MatineeGroups/MAT_Groups_Slomo.uasset" 260
"../../../Engine/Content/EngineSounds/Master.uasset" 261
"../../../Engine/Content/EngineMeshes/Cylinder.uasset" 262
"../../../Engine/Content/EngineMeshes/Sphere.uasset" 263
"../../../Engine/Content/VREditor/LaserPointer/VR_LaserPower_01.uasset" 264
"../../../Engine/Content/VREditor/TransformGizmo/TransformGizmoMaterial.uasset" 265
"../../../Engine/Content/VREditor/TransformGizmo/TranslucentTransformGizmoMaterial.uasset" 266
"../../../Engine/Content/VREditor/TransformGizmo/PlaneTranslationHandle.uasset" 267
"../../../Engine/Content/VREditor/TransformGizmo/Main.uasset" 268
"../../../Engine/Content/VREditor/TransformGizmo/Xray.uasset" 269
"../../../Engine/Content/VREditor/TransformGizmo/SM_Sequencer_Key.uasset" 270
"../../../Engine/Content/VREditor/TransformGizmo/BoundingBoxCorner.uasset" 271
"../../../Engine/Content/VREditor/TransformGizmo/SM_Sequencer_Node.uasset" 272
"../../../Engine/Content/VREditor/TransformGizmo/BoundingBoxEdge.uasset" 273
"../../Plugins/FX/Niagara/Content/Enums/ENiagaraExpansionMode.uasset" 274
"../../Plugins/FX/Niagara/Content/Enums/ENiagaraBooleanLogicOps.uasset" 275
"../../Plugins/FX/Niagara/Content/Enums/ENiagaraOrientationAxis.uasset" 276
"../../Plugins/FX/Niagara/Content/Enums/ENiagaraRandomnessMode.uasset" 277
"../../Plugins/FX/Niagara/Content/Enums/ENiagaraCoordinateSpace.uasset" 278
"../../Plugins/2D/Paper2D/Content/PlaceholderTextures/DummySpriteTexture.uasset" 279
"../../Plugins/2D/Paper2D/Content/DefaultSpriteMaterial.uasset" 280
"../../Plugins/2D/Paper2D/Content/OpaqueUnlitSpriteMaterial.uasset" 281
"../../Plugins/2D/Paper2D/Content/DummySprite.uasset" 282
"../../Plugins/2D/Paper2D/Content/DefaultPaperTerrainMaterial.uasset" 283
"../../Plugins/2D/Paper2D/Content/MaskedUnlitSpriteMaterial.uasset" 284
"../../../Engine/Content/Animation/DefaultAnimBoneCompressionSettings.uasset" 285
"../../../../../../sbenoit/Documents/Unreal Projects/MDEV1003/Content/MyContent/biped/Hip_Hop_Dancing-2_Skeleton.uasset" 286
"../../../../../../sbenoit/Documents/Unreal Projects/MDEV1003/Content/MyContent/biped/Hip_Hop_Dancing-2_Anim.uasset" 287
"../../../Engine/Content/EngineSky/C_Sky_Cloud_Color.uasset" 288
"../../../Engine/Content/EngineSky/C_Sky_Horizon_Color.uasset" 289
"../../../Engine/Content/EngineSky/C_Sky_Zenith_Color.uasset" 290
"../../../Engine/Content/EngineSky/T_Sky_Blue.uasset" 291
"../../../Engine/Content/EngineSky/T_Sky_Clouds_M.uasset" 292
"../../../Engine/Content/EngineSky/T_Sky_Stars.uasset" 293
"../../../Engine/Content/EngineSky/M_Sky_Panning_Clouds2.uasset" 294
"../../../Engine/Content/EngineSky/SM_SkySphere.uasset" 295
"../../../Engine/Content/EngineSky/BP_Sky_Sphere.uasset" 296
"../../../Engine/Content/BasicShapes/BasicShapeMaterial.uasset" 297
"../../../Engine/Content/Functions/Engine_MaterialFunctions03/Procedurals/ComputeFilterWidth.uasset" 298
"../../../Engine/Content/EngineMaterials/AntiAliasedTextMaterialTranslucent.uasset" 299
"../../../../../../sbenoit/Documents/Unreal Projects/MDEV1003/Content/MobileStarterContent/Textures/T_Brick_Clay_Beveled_D.uasset" 300
"../../../../../../sbenoit/Documents/Unreal Projects/MDEV1003/Content/MobileStarterContent/Textures/T_Brick_Clay_Beveled_M.uasset" 301
"../../../../../../sbenoit/Documents/Unreal Projects/MDEV1003/Content/MobileStarterContent/Textures/T_Brick_Clay_Beveled_N.uasset" 302
"../../../../../../sbenoit/Documents/Unreal Projects/MDEV1003/Content/MobileStarterContent/Materials/M_Brick_Clay_Beveled.uasset" 303
"../../../../../../sbenoit/Documents/Unreal Projects/MDEV1003/Content/MyContent/lego/Yellow.uasset" 304
"../../../Engine/Content/BasicShapes/Cylinder.uasset" 305
"../../../../../../sbenoit/Documents/Unreal Projects/MDEV1003/Content/Geometry/Meshes/1M_Cube.uasset" 306
"../../../../../../sbenoit/Documents/Unreal Projects/MDEV1003/Content/Geometry/Meshes/TemplateFloor.uasset" 307
"../../../../../../sbenoit/Documents/Unreal Projects/MDEV1003/Content/MyContent/biped/HatBase.uasset" 308
"../../../../../../sbenoit/Documents/Unreal Projects/MDEV1003/Content/MyContent/biped/HatRing.uasset" 309
"../../../../../../sbenoit/Documents/Unreal Projects/MDEV1003/Content/MyContent/biped/RobotBelt.uasset" 310
"../../../../../../sbenoit/Documents/Unreal Projects/MDEV1003/Content/MyContent/biped/RobotGrey.uasset" 311
"../../../../../../sbenoit/Documents/Unreal Projects/MDEV1003/Content/MyContent/biped/RobotPants.uasset" 312
"../../../../../../sbenoit/Documents/Unreal Projects/MDEV1003/Content/MyContent/biped/RobotShirt.uasset" 313
"../../../../../../sbenoit/Documents/Unreal Projects/MDEV1003/Content/MyContent/biped/Hip_Hop_Dancing-2_PhysicsAsset.uasset" 314
"../../../../../../sbenoit/Documents/Unreal Projects/MDEV1003/Content/MyContent/biped/Hip_Hop_Dancing-2.uasset" 315
"../../../../../../sbenoit/Documents/Unreal Projects/MDEV1003/Content/SideScrollerBP/Maps/ThirdLevel.umap" 316
"../../../../../../sbenoit/Documents/Unreal Projects/MDEV1003/Content/StarterContent/Textures/T_Frame_M.uasset" 317
"../../../../../../sbenoit/Documents/Unreal Projects/MDEV1003/Content/StarterContent/Textures/T_Frame_N.uasset" 318
"../../../../../../sbenoit/Documents/Unreal Projects/MDEV1003/Content/StarterContent/Props/Materials/M_Frame.uasset" 319
"../../../../../../sbenoit/Documents/Unreal Projects/MDEV1003/Content/MDEV1003/StaticMesh/SM_DoorFrameDup.uasset" 320
"../../../../../../sbenoit/Documents/Unreal Projects/MDEV1003/Content/MDEV1003/Materials/doorwayEtching.uasset" 321
"../../../../../../sbenoit/Documents/Unreal Projects/MDEV1003/Content/MDEV1003/Materials/M_GlassLogo.uasset" 322
"../../../../../../sbenoit/Documents/Unreal Projects/MDEV1003/Content/StarterContent/Textures/T_Door_M.uasset" 323
"../../../../../../sbenoit/Documents/Unreal Projects/MDEV1003/Content/StarterContent/Textures/T_Door_N.uasset" 324
"../../../../../../sbenoit/Documents/Unreal Projects/MDEV1003/Content/StarterContent/Props/Materials/M_Door.uasset" 325
"../../../../../../sbenoit/Documents/Unreal Projects/MDEV1003/Content/MDEV1003/StaticMesh/SM_DoorMDEV.uasset" 326
"../../../../../../sbenoit/Documents/Unreal Projects/MDEV1003/Content/MDEV1003/Blueprints/DoorAutomatic_BP.uasset" 327
"../../../../../../sbenoit/Documents/Unreal Projects/MDEV1003/Content/SideScrollerBP/Maps/SideScrollerExampleMap_BuiltData.uasset" 328
"../../../../../../sbenoit/Documents/Unreal Projects/MDEV1003/Content/MyContent/BLUECYLINDER.uasset" 329
"../../../../../../sbenoit/Documents/Unreal Projects/MDEV1003/Content/MyContent/Images/sbenit-modeified-2.uasset" 330
"../../../../../../sbenoit/Documents/Unreal Projects/MDEV1003/Content/MyContent/Images/sbenit-modeified-2_Mat.uasset" 331
"../../../Engine/Content/BasicShapes/Plane.uasset" 332
"../../../../../../sbenoit/Documents/Unreal Projects/MDEV1003/Content/MyContent/Images/BarrelWrap_1_.uasset" 333
"../../../../../../sbenoit/Documents/Unreal Projects/MDEV1003/Content/MyContent/3DObjects/CanGreen.uasset" 334
"../../../../../../sbenoit/Documents/Unreal Projects/MDEV1003/Content/MyContent/3DObjects/CanMetal.uasset" 335
"../../../../../../sbenoit/Documents/Unreal Projects/MDEV1003/Content/MyContent/3DObjects/barrel_1_.uasset" 336
"../../../../../../sbenoit/Documents/Unreal Projects/MDEV1003/Content/MyContent/3DObjects/Material1.uasset" 337
"../../../../../../sbenoit/Documents/Unreal Projects/MDEV1003/Content/MyContent/3DObjects/MaterialEYE.uasset" 338
"../../../../../../sbenoit/Documents/Unreal Projects/MDEV1003/Content/MyContent/3DObjects/character1.uasset" 339
"../../../../../../sbenoit/Documents/Unreal Projects/MDEV1003/Content/SideScrollerBP/Maps/SideScrollerExampleMap.umap" 340
"../../../../../../sbenoit/Documents/Unreal Projects/MDEV1003/Content/MyContent/BlockRed.uasset" 341
"../../../../../../sbenoit/Documents/Unreal Projects/MDEV1003/Content/MyContent/SecondLevelFloor.uasset" 342
"../../../Engine/Content/BasicShapes/Cube.uasset" 343
"../../../../../../sbenoit/Documents/Unreal Projects/MDEV1003/Content/MyContent/lego/Black.uasset" 344
"../../../../../../sbenoit/Documents/Unreal Projects/MDEV1003/Content/MyContent/lego/Blue.uasset" 345
"../../../../../../sbenoit/Documents/Unreal Projects/MDEV1003/Content/MyContent/lego/Green.uasset" 346
"../../../../../../sbenoit/Documents/Unreal Projects/MDEV1003/Content/MyContent/lego/Red.uasset" 347
"../../../../../../sbenoit/Documents/Unreal Projects/MDEV1003/Content/MyContent/lego/LegoFigure_Cube_Skeleton.uasset" 348
"../../../../../../sbenoit/Documents/Unreal Projects/MDEV1003/Content/MyContent/lego/LegoFigure_Lego1_PhysicsAsset.uasset" 349
"../../../../../../sbenoit/Documents/Unreal Projects/MDEV1003/Content/MyContent/lego/LegoFigure_Lego1_Skeleton.uasset" 350
"../../../../../../sbenoit/Documents/Unreal Projects/MDEV1003/Content/MyContent/lego/LegoFigure.uasset" 351
"../../../../../../sbenoit/Documents/Unreal Projects/MDEV1003/Content/SideScrollerBP/Maps/SecondLevel.umap" 352
"../../../../../../sbenoit/Documents/Unreal Projects/MDEV1003/Content/MobileStarterContent/Audio/Fire01.uasset" 353
"../../../../../../sbenoit/Documents/Unreal Projects/MDEV1003/Content/MobileStarterContent/Audio/Fire01_Cue.uasset" 354
"../../../../../../sbenoit/Documents/Unreal Projects/MDEV1003/Content/MobileStarterContent/Textures/T_Fire_SubUV.uasset" 355
"../../../../../../sbenoit/Documents/Unreal Projects/MDEV1003/Content/MobileStarterContent/Textures/T_Fire_Tiled_D.uasset" 356
"../../../../../../sbenoit/Documents/Unreal Projects/MDEV1003/Content/MobileStarterContent/Particles/Materials/M_Fire_SubUV.uasset" 357
"../../../../../../sbenoit/Documents/Unreal Projects/MDEV1003/Content/MobileStarterContent/Particles/Materials/M_Radial_Gradient.uasset" 358
"../../../../../../sbenoit/Documents/Unreal Projects/MDEV1003/Content/MobileStarterContent/Particles/P_Fire.uasset" 359
"../../../../../../sbenoit/Documents/Unreal Projects/MDEV1003/Content/MobileStarterContent/Blueprints/Blueprint_Effect_Fire.uasset" 360
"../../../../../../sbenoit/Documents/Unreal Projects/MDEV1003/Content/MobileStarterContent/Audio/Smoke01.uasset" 361
"../../../../../../sbenoit/Documents/Unreal Projects/MDEV1003/Content/MobileStarterContent/Audio/Smoke01_Cue.uasset" 362
"../../../../../../sbenoit/Documents/Unreal Projects/MDEV1003/Content/MobileStarterContent/Particles/P_Smoke.uasset" 363
"../../../../../../sbenoit/Documents/Unreal Projects/MDEV1003/Content/MobileStarterContent/Blueprints/Blueprint_Effect_Smoke.uasset" 364
"../../../../../../sbenoit/Documents/Unreal Projects/MDEV1003/Content/MobileStarterContent/Audio/Fire_Sparks01.uasset" 365
"../../../../../../sbenoit/Documents/Unreal Projects/MDEV1003/Content/MobileStarterContent/Audio/Fire_Sparks01_Cue.uasset" 366
"../../../../../../sbenoit/Documents/Unreal Projects/MDEV1003/Content/MobileStarterContent/Textures/T_Spark_Core.uasset" 367
"../../../../../../sbenoit/Documents/Unreal Projects/MDEV1003/Content/MobileStarterContent/Particles/Materials/M_Spark.uasset" 368
"../../../../../../sbenoit/Documents/Unreal Projects/MDEV1003/Content/MobileStarterContent/Particles/P_Sparks.uasset" 369
"../../../../../../sbenoit/Documents/Unreal Projects/MDEV1003/Content/MobileStarterContent/Blueprints/Blueprint_Effect_Sparks.uasset" 370
"../../../../../../sbenoit/Documents/Unreal Projects/MDEV1003/Content/MobileStarterContent/Textures/T_Lamp_M.uasset" 371
"../../../../../../sbenoit/Documents/Unreal Projects/MDEV1003/Content/MobileStarterContent/Textures/T_Lamp_N.uasset" 372
"../../../../../../sbenoit/Documents/Unreal Projects/MDEV1003/Content/MobileStarterContent/Props/Materials/M_Lamp.uasset" 373
"../../../../../../sbenoit/Documents/Unreal Projects/MDEV1003/Content/MobileStarterContent/Props/SM_Lamp_Ceiling.uasset" 374
"../../../../../../sbenoit/Documents/Unreal Projects/MDEV1003/Content/MobileStarterContent/Blueprints/Blueprint_CeilingLight.uasset" 375
"../../../../../../sbenoit/Documents/Unreal Projects/MDEV1003/Content/MobileStarterContent/Props/SM_Lamp_Wall.uasset" 376
"../../../../../../sbenoit/Documents/Unreal Projects/MDEV1003/Content/MobileStarterContent/Blueprints/Blueprint_WallSconce.uasset" 377
"../../../../../../sbenoit/Documents/Unreal Projects/MDEV1003/Content/MobileStarterContent/Textures/T_Brick_Clay_New_D.uasset" 378
"../../../../../../sbenoit/Documents/Unreal Projects/MDEV1003/Content/MobileStarterContent/Textures/T_Brick_Clay_New_M.uasset" 379
"../../../../../../sbenoit/Documents/Unreal Projects/MDEV1003/Content/MobileStarterContent/Textures/T_Brick_Clay_New_N.uasset" 380
"../../../../../../sbenoit/Documents/Unreal Projects/MDEV1003/Content/MobileStarterContent/Materials/M_Brick_Clay_New.uasset" 381
"../../../../../../sbenoit/Documents/Unreal Projects/MDEV1003/Content/MobileStarterContent/Textures/T_Brick_Clay_Old_D.uasset" 382
"../../../../../../sbenoit/Documents/Unreal Projects/MDEV1003/Content/MobileStarterContent/Textures/T_Brick_Clay_Old_N.uasset" 383
"../../../../../../sbenoit/Documents/Unreal Projects/MDEV1003/Content/MobileStarterContent/Materials/M_Brick_Clay_Old.uasset" 384
"../../../../../../sbenoit/Documents/Unreal Projects/MDEV1003/Content/MobileStarterContent/Textures/T_Brick_Cut_Stone_D.uasset" 385
"../../../../../../sbenoit/Documents/Unreal Projects/MDEV1003/Content/MobileStarterContent/Textures/T_Brick_Cut_Stone_N.uasset" 386
"../../../../../../sbenoit/Documents/Unreal Projects/MDEV1003/Content/MobileStarterContent/Materials/M_Brick_Cut_Stone.uasset" 387
"../../../../../../sbenoit/Documents/Unreal Projects/MDEV1003/Content/MobileStarterContent/Textures/T_Brick_Hewn_Stone_D.uasset" 388
"../../../../../../sbenoit/Documents/Unreal Projects/MDEV1003/Content/MobileStarterContent/Textures/T_Brick_Hewn_Stone_M.uasset" 389
"../../../../../../sbenoit/Documents/Unreal Projects/MDEV1003/Content/MobileStarterContent/Textures/T_Brick_Hewn_Stone_N.uasset" 390
"../../../../../../sbenoit/Documents/Unreal Projects/MDEV1003/Content/MobileStarterContent/Materials/M_Brick_Hewn_Stone.uasset" 391
"../../../../../../sbenoit/Documents/Unreal Projects/MDEV1003/Content/MobileStarterContent/Textures/T_Ceramic_Tile_M.uasset" 392
"../../../../../../sbenoit/Documents/Unreal Projects/MDEV1003/Content/MobileStarterContent/Textures/T_Ceramic_Tile_N.uasset" 393
"../../../../../../sbenoit/Documents/Unreal Projects/MDEV1003/Content/MobileStarterContent/Textures/T_Rock_Marble_Polished_D.uasset" 394
"../../../../../../sbenoit/Documents/Unreal Projects/MDEV1003/Content/MobileStarterContent/Materials/M_Ceramic_Tile_Checker.uasset" 395
"../../../../../../sbenoit/Documents/Unreal Projects/MDEV1003/Content/MobileStarterContent/Textures/T_CobbleStone_Pebble_D.uasset" 396
"../../../../../../sbenoit/Documents/Unreal Projects/MDEV1003/Content/MobileStarterContent/Textures/T_CobbleStone_Pebble_N.uasset" 397
"../../../../../../sbenoit/Documents/Unreal Projects/MDEV1003/Content/MobileStarterContent/Materials/M_CobbleStone_Pebble.uasset" 398
"../../../../../../sbenoit/Documents/Unreal Projects/MDEV1003/Content/MobileStarterContent/Textures/T_CobbleStone_Rough_D.uasset" 399
"../../../../../../sbenoit/Documents/Unreal Projects/MDEV1003/Content/MobileStarterContent/Textures/T_CobbleStone_Rough_N.uasset" 400
"../../../../../../sbenoit/Documents/Unreal Projects/MDEV1003/Content/MobileStarterContent/Materials/M_CobbleStone_Rough.uasset" 401
"../../../../../../sbenoit/Documents/Unreal Projects/MDEV1003/Content/MobileStarterContent/Textures/T_CobbleStone_Smooth_D.uasset" 402
"../../../../../../sbenoit/Documents/Unreal Projects/MDEV1003/Content/MobileStarterContent/Textures/T_CobbleStone_Smooth_M.uasset" 403
"../../../../../../sbenoit/Documents/Unreal Projects/MDEV1003/Content/MobileStarterContent/Textures/T_CobbleStone_Smooth_N.uasset" 404
"../../../../../../sbenoit/Documents/Unreal Projects/MDEV1003/Content/MobileStarterContent/Materials/M_CobbleStone_Smooth.uasset" 405
"../../../../../../sbenoit/Documents/Unreal Projects/MDEV1003/Content/MobileStarterContent/Textures/T_Concrete_Grime_D.uasset" 406
"../../../../../../sbenoit/Documents/Unreal Projects/MDEV1003/Content/MobileStarterContent/Textures/T_Metal_Rust_N.uasset" 407
"../../../../../../sbenoit/Documents/Unreal Projects/MDEV1003/Content/MobileStarterContent/Materials/M_Concrete_Grime.uasset" 408
"../../../../../../sbenoit/Documents/Unreal Projects/MDEV1003/Content/MobileStarterContent/Textures/T_Concrete_Panels_D.uasset" 409
"../../../../../../sbenoit/Documents/Unreal Projects/MDEV1003/Content/MobileStarterContent/Textures/T_Concrete_Panels_N.uasset" 410
"../../../../../../sbenoit/Documents/Unreal Projects/MDEV1003/Content/MobileStarterContent/Materials/M_Concrete_Panels.uasset" 411
"../../../../../../sbenoit/Documents/Unreal Projects/MDEV1003/Content/MobileStarterContent/Textures/T_Concrete_Poured_D.uasset" 412
"../../../../../../sbenoit/Documents/Unreal Projects/MDEV1003/Content/MobileStarterContent/Textures/T_Concrete_Poured_N.uasset" 413
"../../../../../../sbenoit/Documents/Unreal Projects/MDEV1003/Content/MobileStarterContent/Materials/M_Concrete_Poured.uasset" 414
"../../../../../../sbenoit/Documents/Unreal Projects/MDEV1003/Content/MobileStarterContent/Textures/T_Concrete_Tiles_D.uasset" 415
"../../../../../../sbenoit/Documents/Unreal Projects/MDEV1003/Content/MobileStarterContent/Textures/T_Concrete_Tiles_M.uasset" 416
"../../../../../../sbenoit/Documents/Unreal Projects/MDEV1003/Content/MobileStarterContent/Textures/T_Concrete_Tiles_N.uasset" 417
"../../../../../../sbenoit/Documents/Unreal Projects/MDEV1003/Content/MobileStarterContent/Materials/M_Concrete_Tiles.uasset" 418
"../../../../../../sbenoit/Documents/Unreal Projects/MDEV1003/Content/MobileStarterContent/Textures/T_Ground_Grass_D.uasset" 419
"../../../../../../sbenoit/Documents/Unreal Projects/MDEV1003/Content/MobileStarterContent/Textures/T_Ground_Grass_N.uasset" 420
"../../../../../../sbenoit/Documents/Unreal Projects/MDEV1003/Content/MobileStarterContent/Materials/M_Ground_Grass.uasset" 421
"../../../../../../sbenoit/Documents/Unreal Projects/MDEV1003/Content/MobileStarterContent/Textures/T_Ground_Gravel_D.uasset" 422
"../../../../../../sbenoit/Documents/Unreal Projects/MDEV1003/Content/MobileStarterContent/Textures/T_Ground_Gravel_N.uasset" 423
"../../../../../../sbenoit/Documents/Unreal Projects/MDEV1003/Content/MobileStarterContent/Materials/M_Ground_Gravel.uasset" 424
"../../../../../../sbenoit/Documents/Unreal Projects/MDEV1003/Content/MobileStarterContent/Textures/T_ground_Moss_D.uasset" 425
"../../../../../../sbenoit/Documents/Unreal Projects/MDEV1003/Content/MobileStarterContent/Textures/T_Ground_Moss_N.uasset" 426
"../../../../../../sbenoit/Documents/Unreal Projects/MDEV1003/Content/MobileStarterContent/Materials/M_Ground_Moss.uasset" 427
"../../../../../../sbenoit/Documents/Unreal Projects/MDEV1003/Content/MobileStarterContent/Textures/T_MacroVariation.uasset" 428
"../../../../../../sbenoit/Documents/Unreal Projects/MDEV1003/Content/MobileStarterContent/Materials/M_Metal_Brushed_Nickel.uasset" 429
"../../../../../../sbenoit/Documents/Unreal Projects/MDEV1003/Content/MobileStarterContent/Textures/T_Metal_Aluminum_D.uasset" 430
"../../../../../../sbenoit/Documents/Unreal Projects/MDEV1003/Content/MobileStarterContent/Textures/T_Metal_Gold_N.uasset" 431
"../../../../../../sbenoit/Documents/Unreal Projects/MDEV1003/Content/MobileStarterContent/Materials/M_Metal_Burnished_Steel.uasset" 432
"../../../../../../sbenoit/Documents/Unreal Projects/MDEV1003/Content/MobileStarterContent/Materials/M_Metal_Chrome.uasset" 433
"../../../../../../sbenoit/Documents/Unreal Projects/MDEV1003/Content/MobileStarterContent/Textures/T_Metal_Copper_D.uasset" 434
"../../../../../../sbenoit/Documents/Unreal Projects/MDEV1003/Content/MobileStarterContent/Materials/M_Metal_Copper.uasset" 435
"../../../../../../sbenoit/Documents/Unreal Projects/MDEV1003/Content/MobileStarterContent/Textures/T_Metal_Gold_D.uasset" 436
"../../../../../../sbenoit/Documents/Unreal Projects/MDEV1003/Content/MobileStarterContent/Materials/M_Metal_Gold.uasset" 437
"../../../../../../sbenoit/Documents/Unreal Projects/MDEV1003/Content/MobileStarterContent/Textures/T_Metal_Rust_D.uasset" 438
"../../../../../../sbenoit/Documents/Unreal Projects/MDEV1003/Content/MobileStarterContent/Materials/M_Metal_Rust.uasset" 439
"../../../../../../sbenoit/Documents/Unreal Projects/MDEV1003/Content/MobileStarterContent/Textures/T_Metal_Steel_D.uasset" 440
"../../../../../../sbenoit/Documents/Unreal Projects/MDEV1003/Content/MobileStarterContent/Textures/T_Metal_Steel_N.uasset" 441
"../../../../../../sbenoit/Documents/Unreal Projects/MDEV1003/Content/MobileStarterContent/Materials/M_Metal_Steel.uasset" 442
"../../../../../../sbenoit/Documents/Unreal Projects/MDEV1003/Content/MobileStarterContent/Textures/T_Rock_Basalt_N.uasset" 443
"../../../../../../sbenoit/Documents/Unreal Projects/MDEV1003/Content/MobileStarterContent/Materials/M_Rock_Basalt.uasset" 444
"../../../../../../sbenoit/Documents/Unreal Projects/MDEV1003/Content/MobileStarterContent/Materials/M_Rock_Marble_Polished.uasset" 445
"../../../../../../sbenoit/Documents/Unreal Projects/MDEV1003/Content/MobileStarterContent/Textures/T_Rock_Sandstone_D.uasset" 446
"../../../../../../sbenoit/Documents/Unreal Projects/MDEV1003/Content/MobileStarterContent/Textures/T_Rock_Sandstone_N.uasset" 447
"../../../../../../sbenoit/Documents/Unreal Projects/MDEV1003/Content/MobileStarterContent/Materials/M_Rock_Sandstone.uasset" 448
"../../../../../../sbenoit/Documents/Unreal Projects/MDEV1003/Content/MobileStarterContent/Textures/T_Rock_Slate_D.uasset" 449
"../../../../../../sbenoit/Documents/Unreal Projects/MDEV1003/Content/MobileStarterContent/Textures/T_Rock_Slate_N.uasset" 450
"../../../../../../sbenoit/Documents/Unreal Projects/MDEV1003/Content/MobileStarterContent/Materials/M_Rock_Slate.uasset" 451
"../../../../../../sbenoit/Documents/Unreal Projects/MDEV1003/Content/MobileStarterContent/Textures/T_Checker_Noise_M.uasset" 452
"../../../../../../sbenoit/Documents/Unreal Projects/MDEV1003/Content/MobileStarterContent/Textures/T_Single_Tile_N.uasset" 453
"../../../../../../sbenoit/Documents/Unreal Projects/MDEV1003/Content/MobileStarterContent/Textures/T_Tech_Dot_M.uasset" 454
"../../../../../../sbenoit/Documents/Unreal Projects/MDEV1003/Content/MobileStarterContent/Textures/T_Tech_Dot_N.uasset" 455
"../../../../../../sbenoit/Documents/Unreal Projects/MDEV1003/Content/MobileStarterContent/Materials/M_Tech_Checker_Dot.uasset" 456
"../../../../../../sbenoit/Documents/Unreal Projects/MDEV1003/Content/MobileStarterContent/Textures/T_Tech_Hex_Tile_M.uasset" 457
"../../../../../../sbenoit/Documents/Unreal Projects/MDEV1003/Content/MobileStarterContent/Textures/T_Tech_Hex_Tile_N.uasset" 458
"../../../../../../sbenoit/Documents/Unreal Projects/MDEV1003/Content/MobileStarterContent/Materials/M_Tech_Hex_Tile.uasset" 459
"../../../../../../sbenoit/Documents/Unreal Projects/MDEV1003/Content/MobileStarterContent/Materials/M_Tech_Hex_Tile_Pulse.uasset" 460
"../../../../../../sbenoit/Documents/Unreal Projects/MDEV1003/Content/MobileStarterContent/Textures/T_Tech_Panel_M.uasset" 461
"../../../../../../sbenoit/Documents/Unreal Projects/MDEV1003/Content/MobileStarterContent/Textures/T_Tech_Panel_N.uasset" 462
"../../../../../../sbenoit/Documents/Unreal Projects/MDEV1003/Content/MobileStarterContent/Materials/M_Tech_Panel.uasset" 463
"../../../../../../sbenoit/Documents/Unreal Projects/MDEV1003/Content/MobileStarterContent/Textures/T_Water_N.uasset" 464
"../../../../../../sbenoit/Documents/Unreal Projects/MDEV1003/Content/MobileStarterContent/Materials/M_Water_Lake.uasset" 465
"../../../../../../sbenoit/Documents/Unreal Projects/MDEV1003/Content/MobileStarterContent/Textures/T_Water_M.uasset" 466
"../../../../../../sbenoit/Documents/Unreal Projects/MDEV1003/Content/MobileStarterContent/Materials/M_Water_Ocean.uasset" 467
"../../../../../../sbenoit/Documents/Unreal Projects/MDEV1003/Content/MobileStarterContent/Textures/T_Wood_Floor_Walnut_D.uasset" 468
"../../../../../../sbenoit/Documents/Unreal Projects/MDEV1003/Content/MobileStarterContent/Textures/T_Wood_Floor_Walnut_M.uasset" 469
"../../../../../../sbenoit/Documents/Unreal Projects/MDEV1003/Content/MobileStarterContent/Textures/T_Wood_Floor_Walnut_N.uasset" 470
"../../../../../../sbenoit/Documents/Unreal Projects/MDEV1003/Content/MobileStarterContent/Materials/M_Wood_Floor_Walnut_Polished.uasset" 471
"../../../../../../sbenoit/Documents/Unreal Projects/MDEV1003/Content/MobileStarterContent/Materials/M_Wood_Floor_Walnut_Worn.uasset" 472
"../../../../../../sbenoit/Documents/Unreal Projects/MDEV1003/Content/MobileStarterContent/Textures/T_Wood_Oak_D.uasset" 473
"../../../../../../sbenoit/Documents/Unreal Projects/MDEV1003/Content/MobileStarterContent/Textures/T_Wood_Oak_N.uasset" 474
"../../../../../../sbenoit/Documents/Unreal Projects/MDEV1003/Content/MobileStarterContent/Materials/M_Wood_Oak.uasset" 475
"../../../../../../sbenoit/Documents/Unreal Projects/MDEV1003/Content/MobileStarterContent/Textures/T_Wood_Pine_D.uasset" 476
"../../../../../../sbenoit/Documents/Unreal Projects/MDEV1003/Content/MobileStarterContent/Textures/T_Wood_Pine_N.uasset" 477
"../../../../../../sbenoit/Documents/Unreal Projects/MDEV1003/Content/MobileStarterContent/Materials/M_Wood_Pine.uasset" 478
"../../../../../../sbenoit/Documents/Unreal Projects/MDEV1003/Content/MobileStarterContent/Textures/T_Wood_Walnut_D.uasset" 479
"../../../../../../sbenoit/Documents/Unreal Projects/MDEV1003/Content/MobileStarterContent/Textures/T_Wood_Walnut_N.uasset" 480
"../../../../../../sbenoit/Documents/Unreal Projects/MDEV1003/Content/MobileStarterContent/Materials/M_Wood_Walnut.uasset" 481
"../../../../../../sbenoit/Documents/Unreal Projects/MDEV1003/Content/MobileStarterContent/Materials/M_Basic_Floor.uasset" 482
"../../../../../../sbenoit/Documents/Unreal Projects/MDEV1003/Content/MobileStarterContent/Architecture/Floor_400x400.uasset" 483
"../../../../../../sbenoit/Documents/Unreal Projects/MDEV1003/Content/MobileStarterContent/Architecture/Wall_400x200.uasset" 484
"../../../../../../sbenoit/Documents/Unreal Projects/MDEV1003/Content/MobileStarterContent/Architecture/Wall_Door_400x300.uasset" 485
"../../../../../../sbenoit/Documents/Unreal Projects/MDEV1003/Content/MobileStarterContent/Architecture/Wall_Window_400x300.uasset" 486
"../../../../../../sbenoit/Documents/Unreal Projects/MDEV1003/Content/MobileStarterContent/Audio/Collapse01.uasset" 487
"../../../../../../sbenoit/Documents/Unreal Projects/MDEV1003/Content/MobileStarterContent/Audio/Collapse02.uasset" 488
"../../../../../../sbenoit/Documents/Unreal Projects/MDEV1003/Content/MobileStarterContent/Audio/Collapse_Cue.uasset" 489
"../../../../../../sbenoit/Documents/Unreal Projects/MDEV1003/Content/MobileStarterContent/Audio/Starter_Birds01.uasset" 490
"../../../../../../sbenoit/Documents/Unreal Projects/MDEV1003/Content/MobileStarterContent/Audio/Starter_Wind05.uasset" 491
"../../../../../../sbenoit/Documents/Unreal Projects/MDEV1003/Content/MobileStarterContent/Audio/Starter_Wind06.uasset" 492
"../../../../../../sbenoit/Documents/Unreal Projects/MDEV1003/Content/MobileStarterContent/Audio/Starter_Background_Cue.uasset" 493
"../../../../../../sbenoit/Documents/Unreal Projects/MDEV1003/Content/MobileStarterContent/Audio/Starter_Music01.uasset" 494
"../../../../../../sbenoit/Documents/Unreal Projects/MDEV1003/Content/MobileStarterContent/Audio/Starter_Music_Cue.uasset" 495
"../../../../../../sbenoit/Documents/Unreal Projects/MDEV1003/Content/MobileStarterContent/Textures/T_Dust_Particle_D.uasset" 496
"../../../../../../sbenoit/Documents/Unreal Projects/MDEV1003/Content/MobileStarterContent/Particles/Materials/M_Dust_Particle.uasset" 497
"../../../../../../sbenoit/Documents/Unreal Projects/MDEV1003/Content/MobileStarterContent/Particles/P_Ambient_Dust.uasset" 498
"../../../../../../sbenoit/Documents/Unreal Projects/MDEV1003/Content/MobileStarterContent/Props/MaterialSphere.uasset" 499
"../../../../../../sbenoit/Documents/Unreal Projects/MDEV1003/Content/MobileStarterContent/Props/SM_Chair.uasset" 500
"../../../../../../sbenoit/Documents/Unreal Projects/MDEV1003/Content/MobileStarterContent/Textures/T_Frame_M.uasset" 501
"../../../../../../sbenoit/Documents/Unreal Projects/MDEV1003/Content/MobileStarterContent/Textures/T_Frame_N.uasset" 502
"../../../../../../sbenoit/Documents/Unreal Projects/MDEV1003/Content/MobileStarterContent/Props/Materials/M_Frame.uasset" 503
"../../../../../../sbenoit/Documents/Unreal Projects/MDEV1003/Content/MobileStarterContent/Props/SM_CornerFrame.uasset" 504
"../../../../../../sbenoit/Documents/Unreal Projects/MDEV1003/Content/MobileStarterContent/Props/SM_DoorFrame.uasset" 505
"../../../../../../sbenoit/Documents/Unreal Projects/MDEV1003/Content/MobileStarterContent/Props/SM_GlassWindow.uasset" 506
"../../../../../../sbenoit/Documents/Unreal Projects/MDEV1003/Content/MobileStarterContent/Props/SM_PillarFrame.uasset" 507
"../../../../../../sbenoit/Documents/Unreal Projects/MDEV1003/Content/MobileStarterContent/Props/SM_PillarFrame300.uasset" 508
"../../../../../../sbenoit/Documents/Unreal Projects/MDEV1003/Content/MobileStarterContent/Textures/T_Statue_M.uasset" 509
"../../../../../../sbenoit/Documents/Unreal Projects/MDEV1003/Content/MobileStarterContent/Textures/T_Statue_N.uasset" 510
"../../../../../../sbenoit/Documents/Unreal Projects/MDEV1003/Content/MobileStarterContent/Props/Materials/M_Statue.uasset" 511
"../../../../../../sbenoit/Documents/Unreal Projects/MDEV1003/Content/MobileStarterContent/Props/Materials/M_StatueGlass.uasset" 512
"../../../../../../sbenoit/Documents/Unreal Projects/MDEV1003/Content/MobileStarterContent/Props/SM_Statue.uasset" 513
"../../../../../../sbenoit/Documents/Unreal Projects/MDEV1003/Content/MobileStarterContent/Textures/T_TableRound_M.uasset" 514
"../../../../../../sbenoit/Documents/Unreal Projects/MDEV1003/Content/MobileStarterContent/Textures/T_TableRound_N.uasset" 515
"../../../../../../sbenoit/Documents/Unreal Projects/MDEV1003/Content/MobileStarterContent/Props/Materials/M_TableRound.uasset" 516
"../../../../../../sbenoit/Documents/Unreal Projects/MDEV1003/Content/MobileStarterContent/Props/SM_TableRound.uasset" 517
"../../../../../../sbenoit/Documents/Unreal Projects/MDEV1003/Content/MobileStarterContent/Props/SM_WindowFrame.uasset" 518
"../../../../../../sbenoit/Documents/Unreal Projects/MDEV1003/Content/MobileStarterContent/Shapes/Shape_Cube.uasset" 519
"../../../../../../sbenoit/Documents/Unreal Projects/MDEV1003/Content/MobileStarterContent/Shapes/Shape_QuadPyramid.uasset" 520
"../../../../../../sbenoit/Documents/Unreal Projects/MDEV1003/Content/MobileStarterContent/Shapes/Shape_Sphere.uasset" 521
"../../../../../../sbenoit/Documents/Unreal Projects/MDEV1003/Content/MobileStarterContent/Maps/StarterMap.umap" 522
"../../../../../../sbenoit/Documents/Unreal Projects/MDEV1003/Content/MobileStarterContent/Maps/Minimal_Default.umap" 523
"../../../Engine/Content/Maps/Entry_BuiltData.uasset" 524
"../../../Engine/Content/Maps/Entry.umap" 525
